.weddingpa-v040-src/app/build/intermediates/manifest_merge_blame_file/release/processReleaseMainManifest/manifest-merger-blame-release-report.txt
1<?xml version="1.0" encoding="utf-8"?>
2<manifest xmlns:android="http://schemas.android.com/apk/res/android"
3    package="app.weddingpa.mobile"
4    android:versionCode="4"
5    android:versionName="0.4.0" >
6
7    <uses-sdk
7-->INJECTED
8        android:minSdkVersion="28"
8-->INJECTED
9        android:targetSdkVersion="36" />
9-->INJECTED
10
11    <uses-permission android:name="android.permission.RECORD_AUDIO" />
11-->src/main/AndroidManifest.xml:4:5-71
11-->src/main/AndroidManifest.xml:4:22-68
12    <uses-permission android:name="android.permission.MODIFY_AUDIO_SETTINGS" />
12-->src/main/AndroidManifest.xml:5:5-80
12-->src/main/AndroidManifest.xml:5:22-77
13    <uses-permission android:name="android.permission.FOREGROUND_SERVICE" />
13-->src/main/AndroidManifest.xml:6:5-77
13-->src/main/AndroidManifest.xml:6:22-74
14    <uses-permission android:name="android.permission.FOREGROUND_SERVICE_MICROPHONE" />
14-->src/main/AndroidManifest.xml:7:5-88
14-->src/main/AndroidManifest.xml:7:22-85
15    <uses-permission android:name="android.permission.FOREGROUND_SERVICE_MEDIA_PLAYBACK" />
15-->src/main/AndroidManifest.xml:8:5-92
15-->src/main/AndroidManifest.xml:8:22-89
16    <uses-permission android:name="android.permission.POST_NOTIFICATIONS" />
16-->src/main/AndroidManifest.xml:9:5-77
16-->src/main/AndroidManifest.xml:9:22-74
17    <uses-permission android:name="android.permission.BLUETOOTH_CONNECT" />
17-->src/main/AndroidManifest.xml:10:5-76
17-->src/main/AndroidManifest.xml:10:22-73
18    <uses-permission android:name="android.permission.WAKE_LOCK" />
18-->src/main/AndroidManifest.xml:11:5-68
18-->src/main/AndroidManifest.xml:11:22-65
19    <uses-permission android:name="android.permission.INTERNET" />
19-->src/main/AndroidManifest.xml:12:5-67
19-->src/main/AndroidManifest.xml:12:22-64
20    <uses-permission android:name="android.permission.ACCESS_NETWORK_STATE" />
20-->src/main/AndroidManifest.xml:13:5-79
20-->src/main/AndroidManifest.xml:13:22-76
21    <uses-permission android:name="android.permission.ACCESS_WIFI_STATE" />
21-->src/main/AndroidManifest.xml:14:5-76
21-->src/main/AndroidManifest.xml:14:22-73
22
23    <uses-feature
23-->src/main/AndroidManifest.xml:16:5-88
24        android:name="android.hardware.microphone"
24-->src/main/AndroidManifest.xml:16:19-61
25        android:required="true" />
25-->src/main/AndroidManifest.xml:16:62-85
26    <uses-feature
26-->src/main/AndroidManifest.xml:17:5-87
27        android:name="android.hardware.usb.host"
27-->src/main/AndroidManifest.xml:17:19-59
28        android:required="false" />
28-->src/main/AndroidManifest.xml:17:60-84
29
30    <application
30-->src/main/AndroidManifest.xml:19:5-47:19
31        android:allowBackup="true"
31-->src/main/AndroidManifest.xml:20:9-35
32        android:extractNativeLibs="false"
32-->INJECTED
33        android:label="@string/app_name"
33-->src/main/AndroidManifest.xml:21:9-41
34        android:supportsRtl="true"
34-->src/main/AndroidManifest.xml:22:9-35
35        android:theme="@style/AppTheme" >
35-->src/main/AndroidManifest.xml:23:9-40
36        <activity
36-->src/main/AndroidManifest.xml:25:9-33:20
37            android:name="app.weddingpa.mobile.MainActivity"
37-->src/main/AndroidManifest.xml:26:13-41
38            android:exported="true"
38-->src/main/AndroidManifest.xml:27:13-36
39            android:screenOrientation="portrait" >
39-->src/main/AndroidManifest.xml:28:13-49
40            <intent-filter>
40-->src/main/AndroidManifest.xml:29:13-32:29
41                <action android:name="android.intent.action.MAIN" />
41-->src/main/AndroidManifest.xml:30:17-69
41-->src/main/AndroidManifest.xml:30:25-66
42
43                <category android:name="android.intent.category.LAUNCHER" />
43-->src/main/AndroidManifest.xml:31:17-77
43-->src/main/AndroidManifest.xml:31:27-74
44            </intent-filter>
45        </activity>
46
47        <service
47-->src/main/AndroidManifest.xml:35:9-39:44
48            android:name="app.weddingpa.mobile.AudioPassthroughService"
48-->src/main/AndroidManifest.xml:36:13-52
49            android:exported="false"
49-->src/main/AndroidManifest.xml:37:13-37
50            android:foregroundServiceType="microphone|mediaPlayback"
50-->src/main/AndroidManifest.xml:38:13-69
51            android:stopWithTask="false" />
51-->src/main/AndroidManifest.xml:39:13-41
52        <service
52-->src/main/AndroidManifest.xml:41:9-45:44
53            android:name="app.weddingpa.mobile.NetworkAudioReceiverService"
53-->src/main/AndroidManifest.xml:42:13-56
54            android:exported="false"
54-->src/main/AndroidManifest.xml:43:13-37
55            android:foregroundServiceType="mediaPlayback"
55-->src/main/AndroidManifest.xml:44:13-58
56            android:stopWithTask="false" />
56-->src/main/AndroidManifest.xml:45:13-41
57    </application>
58
59</manifest>